<?xml version="1.0" encoding="UTF-8"?>
<!-- Generated by org.testng.reporters.JUnitReportReporter -->
<testsuite hostname="DESKTOP-M9BLJAP" failures="0" tests="4" name="tests.Mytest" time="22.240" errors="0" timestamp="2025-07-18T20:13:20 EET" skipped="0">
  <testcase classname="tests.Mytest" name="signUp" time="9.877"/>
  <system-out/>
  <testcase classname="tests.Mytest" name="logOut" time="5.444"/>
  <system-out/>
  <testcase classname="tests.Mytest" name="logIn" time="3.723"/>
  <system-out/>
  <testcase classname="tests.Mytest" name="addToCart" time="3.196"/>
  <system-out/>
</testsuite> <!-- tests.Mytest -->
