<?xml version="1.0" encoding="UTF-8"?>
<!-- Generated by org.testng.reporters.JUnitReportReporter -->
<testsuite hostname="DESKTOP-M9BLJAP" failures="0" tests="4" name="firstProject.firstTest" time="2.987" errors="0" timestamp="2025-06-29T16:57:52 EET" skipped="0">
  <testcase classname="firstProject.firstTest" name="navigateToLoginPage" time="0.752"/>
  <system-out/>
  <testcase classname="firstProject.firstTest" name="checkTheLoginWindow" time="0.247"/>
  <system-out/>
  <testcase classname="firstProject.firstTest" name="logIn" time="1.854"/>
  <system-out/>
  <testcase classname="firstProject.firstTest" name="checkAddressText" time="0.134"/>
  <system-out/>
</testsuite> <!-- firstProject.firstTest -->
