<?xml version="1.0" encoding="UTF-8"?>
<!-- Generated by org.testng.reporters.JUnitReportReporter -->
<testsuite hostname="DESKTOP-M9BLJAP" failures="0" tests="4" name="login.MyTestCases" time="16.263" errors="0" timestamp="2025-07-03T19:17:46 EET" skipped="0">
  <testcase classname="login.MyTestCases" name="navigateToLoginPage" time="2.721"/>
  <system-out/>
  <testcase classname="login.MyTestCases" name="checkTheLoginWindow" time="2.060"/>
  <system-out/>
  <testcase classname="login.MyTestCases" name="logIn" time="9.434"/>
  <system-out/>
  <testcase classname="login.MyTestCases" name="checkAddressText" time="2.048"/>
  <system-out/>
</testsuite> <!-- login.MyTestCases -->
