<?xml version="1.0" encoding="UTF-8"?>
<!-- Generated by org.testng.reporters.JUnitReportReporter -->
<testsuite hostname="DESKTOP-M9BLJAP" failures="0" tests="5" name="signUp.MyTestCases" time="40.242" errors="0" timestamp="2025-07-13T19:12:31 EET" skipped="0">
  <testcase classname="signUp.MyTestCases" name="navigateToSignPage" time="2.646"/>
  <system-out/>
  <testcase classname="signUp.MyTestCases" name="checkTheSignUpWindow" time="2.057"/>
  <system-out/>
  <testcase classname="signUp.MyTestCases" name="SignUp" time="30.099"/>
  <system-out/>
  <testcase classname="signUp.MyTestCases" name="checkTheAccountRegistered" time="0.937"/>
  <system-out/>
  <testcase classname="signUp.MyTestCases" name="logOut" time="4.503"/>
  <system-out/>
</testsuite> <!-- signUp.MyTestCases -->
