<?xml version="1.0" encoding="UTF-8"?>
<!-- Generated by org.testng.reporters.JUnitReportReporter -->
<testsuite hostname="DESKTOP-M9BLJAP" failures="0" tests="3" name="login.MyTestCases" time="57.139" errors="0" timestamp="2025-07-04T18:54:32 EET" skipped="0">
  <testcase classname="login.MyTestCases" name="navigateToSignPage" time="2.736"/>
  <system-out/>
  <testcase classname="login.MyTestCases" name="checkTheSignUpWindow" time="2.221"/>
  <system-out/>
  <testcase classname="login.MyTestCases" name="SignUp" time="52.182"/>
  <system-out/>
</testsuite> <!-- login.MyTestCases -->
