<?xml version="1.0" encoding="UTF-8"?>
<!-- Generated by org.testng.reporters.JUnitReportReporter -->
<testsuite hostname="DESKTOP-M9BLJAP" failures="0" tests="3" name="signUp.MyTestCases" time="57.124" errors="0" timestamp="2025-07-06T18:40:13 EET" skipped="0">
  <testcase classname="signUp.MyTestCases" name="navigateToSignPage" time="2.702"/>
  <system-out/>
  <testcase classname="signUp.MyTestCases" name="checkTheSignUpWindow" time="2.057"/>
  <system-out/>
  <testcase classname="signUp.MyTestCases" name="SignUp" time="52.365"/>
  <system-out/>
</testsuite> <!-- signUp.MyTestCases -->
