<?xml version="1.0" encoding="UTF-8"?>
<!-- Generated by org.testng.reporters.JUnitReportReporter -->
<testsuite hostname="DESKTOP-M9BLJAP" failures="0" tests="1" name="pages.SignUp" time="0.467" errors="0" timestamp="2025-07-18T16:23:21 EET" skipped="0">
  <testcase classname="pages.SignUp" name="signUp" time="0.467"/>
  <system-out/>
</testsuite> <!-- pages.SignUp -->
