<?xml version="1.0" encoding="UTF-8"?>
<!-- Generated by org.testng.reporters.JUnitReportReporter -->
<testsuite hostname="DESKTOP-M9BLJAP" failures="0" tests="6" name="signUp.MyTestCases" time="57.321" errors="0" timestamp="2025-07-15T15:54:29 EET" skipped="0">
  <testcase classname="signUp.MyTestCases" name="navigateToSignPage" time="3.482"/>
  <system-out/>
  <testcase classname="signUp.MyTestCases" name="checkTheSignUpWindow" time="2.059"/>
  <system-out/>
  <testcase classname="signUp.MyTestCases" name="SignUp" time="30.576"/>
  <system-out/>
  <testcase classname="signUp.MyTestCases" name="checkTheAccountRegistered" time="1.686"/>
  <system-out/>
  <testcase classname="signUp.MyTestCases" name="logOut" time="5.029"/>
  <system-out/>
  <testcase classname="signUp.MyTestCases" name="addItemsToCart" time="14.489"/>
  <system-out/>
</testsuite> <!-- signUp.MyTestCases -->
